[0mGET /api/active/activeTitleList?type=2 [32m200 [0m246.339 ms - 642[0m
::ffff:127.0.0.1 - GET /api/active/activeTitleList?type=2 HTTP/1.1 304 - - 256.845 ms
::ffff:127.0.0.1 - - [19/Apr/2020:16:57:46 +0000] "GET /api/active/activeTitleList?type=2 HTTP/1.1" 304 -
[0mGET /api/active/activeTitleList?type=2 [36m304 [0m245.299 ms - -[0m
[0mGET /api/active/activeTitleList?type=2 [36m304 [0m123.230 ms - -[0m
[0mGET /api/active/activeTitleList?type=2 [36m304 [0m150.319 ms - -[0m
[0mGET /api/active/activeTitleList?type=2 [36m304 [0m122.700 ms - -[0m
[0mGET /api/active/activeTitleList?type=2 [36m304 [0m114.118 ms - -[0m
[0mGET /api/active/activeTitleList?type=2 [36m304 [0m117.070 ms - -[0m
[0mGET /api/active/activeTitleList?type=2 [36m304 [0m122.720 ms - -[0m
[0mGET /api/active/activeTitleList?type=2 [36m304 [0m110.192 ms - -[0m
[0mPOST /api/active/createActive [0m- [0m- ms - -[0m
[0mPOST /api/active/createActive [31m500 [0m6.708 ms - 1283[0m
[0mPOST /api/active/createActive [32m200 [0m6.617 ms - -[0m
[0mPOST /api/active/createActive [32m200 [0m5.823 ms - 5[0m
[0mPOST /api/active/createActive [32m200 [0m5.674 ms - 5[0m
[0mPOST /api/active/createActive [32m200 [0m15.744 ms - 5[0m
[0mPOST /api/active/createActive [32m200 [0m7.917 ms - 5[0m
[0mPOST /api/active/createActive [32m200 [0m6.468 ms - 5[0m
[0mPOST /api/active/createActive [32m200 [0m287.275 ms - 153[0m
[0mPOST /api/active/createActive [32m200 [0m265.951 ms - 147[0m
[0mGET /api/active/activeTitleList?type=2 [32m200 [0m268.465 ms - 990[0m
[0mGET /api/active/activeTitleList?type=2 [32m200 [0m270.743 ms - 990[0m
[0mGET /api/active/activeTitleList?type=2 [32m200 [0m248.055 ms - 990[0m
[0mGET /api/user/getUnionId/033ugFWx0JOFne1zr5Xx0Z7jWx0ugFWs [32m200 [0m315.563 ms - 50[0m
[0mGET /api/bing/randomBingList?limit=3 [32m200 [0m242.201 ms - 668[0m
[0mGET /api/active/activeTitleList?type=2 [32m200 [0m233.190 ms - 990[0m
[0mPUT /api/active/delActive [32m200 [0m264.243 ms - 52[0m
[0mPUT /api/active/delActive [32m200 [0m259.303 ms - 52[0m
[0mPUT /api/active/delActive [32m200 [0m122.528 ms - 52[0m
[0mGET /api/user/getUnionId/023MTBZg0QV3ft1YgSXg0RNuZg0MTBZ- [32m200 [0m309.821 ms - 50[0m
[0mGET /api/bing/randomBingList?limit=3 [32m200 [0m137.054 ms - 685[0m
[0mGET /api/active/activeTitleList?type=2 [32m200 [0m221.132 ms - 911[0m
[0mPOST /api/active/activeContent [32m200 [0m120.332 ms - 3971[0m
[0mGET /api/bing/randomBingList?limit=3 [32m200 [0m125.809 ms - 698[0m
[0mGET /api/active/activeTitleList?type=2 [32m200 [0m133.645 ms - 911[0m
[0mPOST /api/active/activeContent [32m200 [0m110.287 ms - 3971[0m
[0mGET /api/active/activeTitleList?type=2 [32m200 [0m109.548 ms - 911[0m
[0mGET /api/bing/randomBingList?limit=3 [32m200 [0m137.846 ms - 637[0m
